<?xml version="1.0" encoding="UTF-8"?>
<!-- Generated by org.testng.reporters.JUnitReportReporter -->
<testsuite hostname="LAPTOP-6VQ52RN4" failures="0" tests="1" name="Session04.CheckForValidResponse" time="2.604" errors="0" timestamp="2024-04-27T02:11:31 IST" skipped="0">
  <testcase classname="Session04.CheckForValidResponse" name="GetSingleUser" time="2.604"/>
</testsuite> <!-- Session04.CheckForValidResponse -->
