<?xml version="1.0" encoding="UTF-8"?>
<!-- Generated by org.testng.reporters.JUnitReportReporter -->
<testsuite hostname="LAPTOP-6VQ52RN4" failures="0" tests="1" name="Seasson_o3.Test_PostMethod" time="2.940" errors="0" timestamp="2024-04-27T01:11:34 IST" skipped="0">
  <testcase classname="Seasson_o3.Test_PostMethod" name="test03" time="2.940"/>
</testsuite> <!-- Seasson_o3.Test_PostMethod -->
