<?xml version="1.0" encoding="UTF-8"?>
<!-- Generated by org.testng.reporters.JUnitReportReporter -->
<testsuite hostname="LAPTOP-6VQ52RN4" failures="0" tests="1" name="tests.GetAndPostExamples" time="2.098" errors="0" timestamp="2024-04-14T13:41:50 IST" skipped="0">
  <testcase classname="tests.GetAndPostExamples" name="testGet" time="2.098"/>
</testsuite> <!-- tests.GetAndPostExamples -->
