<?xml version="1.0" encoding="UTF-8"?>
<!-- Generated by org.testng.reporters.JUnitReportReporter -->
<testsuite hostname="LAPTOP-6VQ52RN4" failures="0" tests="1" name="tests.TestsExample" time="2.830" errors="0" timestamp="2024-04-14T02:19:16 IST" skipped="0">
  <testcase classname="tests.TestsExample" name="test_1" time="2.830"/>
</testsuite> <!-- tests.TestsExample -->
