<?xml version="1.0" encoding="UTF-8"?>
<!-- Generated by org.testng.reporters.JUnitReportReporter -->
<testsuite hostname="LAPTOP-6VQ52RN4" failures="0" tests="1" name="Seasson_o3.Test_DeleteMethod" time="2.129" errors="0" timestamp="2024-04-27T01:41:02 IST" skipped="0">
  <testcase classname="Seasson_o3.Test_DeleteMethod" name="test06" time="2.129"/>
</testsuite> <!-- Seasson_o3.Test_DeleteMethod -->
