<?xml version="1.0" encoding="UTF-8"?>
<!-- Generated by org.testng.reporters.JUnitReportReporter -->
<testsuite hostname="LAPTOP-6VQ52RN4" failures="0" tests="1" name="postMethod" time="3.553" errors="0" timestamp="2024-04-17T18:02:59 IST" skipped="0">
  <testcase classname="postMethod" name="testpost" time="3.553"/>
</testsuite> <!-- postMethod -->
