<?xml version="1.0" encoding="UTF-8"?>
<!-- Generated by org.testng.reporters.JUnitReportReporter -->
<testsuite hostname="LAPTOP-6VQ52RN4" failures="0" tests="1" name="Seasson_o3.Test_GetMethod" time="1.650" errors="0" timestamp="2024-04-27T00:49:23 IST" skipped="0">
  <testcase classname="Seasson_o3.Test_GetMethod" name="test02" time="1.650"/>
</testsuite> <!-- Seasson_o3.Test_GetMethod -->
