<?xml version="1.0" encoding="UTF-8"?>
<!-- Generated by org.testng.reporters.JUnitReportReporter -->
<testsuite hostname="LAPTOP-6VQ52RN4" failures="0" tests="1" name="postMethod$putMethod" time="1.850" errors="0" timestamp="2024-04-17T18:02:59 IST" skipped="0">
  <testcase classname="postMethod$putMethod" name="testput" time="1.850"/>
</testsuite> <!-- postMethod$putMethod -->
